Space Type:      RealVectorSpaceFCL Type
Space dimension: 6
Planner type:    RGBTConnect
Planner info:
	 Succesfull:           yes
	 Number of iterations: 1
	 Number of states:     15
	 Planning time [ms]:   34
Tree: start
q: ( 1.5708       0 -1.5708       0       0       0); parent q: NONE
q: (   1.19669  -0.135318   -1.71048  0.0634584   0.266284 0.00734034); parent q: ( 1.5708       0 -1.5708       0       0       0)
q: (  1.15354 0.0366712  -1.59208  0.113674  0.055753   0.16564); parent q: ( 1.5708       0 -1.5708       0       0       0)
q: (  1.88324 0.0822024  -1.88818 -0.567395  0.100652  0.666625); parent q: ( 1.5708       0 -1.5708       0       0       0)
q: (  1.71817 -0.175471  -1.73009  -0.49193  -0.06471  0.672519); parent q: ( 1.5708       0 -1.5708       0       0       0)
q: (   1.86872 -0.0504804   -1.80605  -0.718172   0.186063  -0.532703); parent q: ( 1.5708       0 -1.5708       0       0       0)
q: (   1.28118   0.251153   -2.05076 -0.0344023    0.44495  -0.144853); parent q: ( 1.5708       0 -1.5708       0       0       0)
q: (  1.18525  0.129404  -1.82397 0.0913618  0.196941 -0.439585); parent q: ( 1.5708       0 -1.5708       0       0       0)
Tree: goal
q: (0 0 0 0 0 0); parent q: NONE
q: (  0.154941  0.0169162  -0.238437  0.0119432  0.0257449 -0.0574644); parent q: (0 0 0 0 0 0)
q: ( 0.346916 0.0378757 -0.533866 0.0267411 0.0576434 -0.128664); parent q: (  0.154941  0.0169162  -0.238437  0.0119432  0.0257449 -0.0574644)
q: ( 0.558932 0.0610233 -0.860137 0.0430838  0.092872 -0.207297); parent q: ( 0.346916 0.0378757 -0.533866 0.0267411 0.0576434 -0.128664)
q: ( 0.739486  0.080736  -1.13799 0.0570014  0.122873 -0.274261); parent q: ( 0.558932 0.0610233 -0.860137 0.0430838  0.092872 -0.207297)
q: ( 0.991392  0.108239  -1.52565 0.0764188  0.164729 -0.367688); parent q: ( 0.739486  0.080736  -1.13799 0.0570014  0.122873 -0.274261)
q: (  1.18525  0.129404  -1.82397 0.0913618  0.196941 -0.439585); parent q: ( 0.991392  0.108239  -1.52565 0.0764188  0.164729 -0.367688)
Path:
q: ( 1.5708       0 -1.5708       0       0       0); parent q: NONE
q: (  1.18525  0.129404  -1.82397 0.0913618  0.196941 -0.439585); parent q: ( 0.991392  0.108239  -1.52565 0.0764188  0.164729 -0.367688)
q: ( 0.991392  0.108239  -1.52565 0.0764188  0.164729 -0.367688); parent q: ( 0.739486  0.080736  -1.13799 0.0570014  0.122873 -0.274261)
q: ( 0.739486  0.080736  -1.13799 0.0570014  0.122873 -0.274261); parent q: ( 0.558932 0.0610233 -0.860137 0.0430838  0.092872 -0.207297)
q: ( 0.558932 0.0610233 -0.860137 0.0430838  0.092872 -0.207297); parent q: ( 0.346916 0.0378757 -0.533866 0.0267411 0.0576434 -0.128664)
q: ( 0.346916 0.0378757 -0.533866 0.0267411 0.0576434 -0.128664); parent q: (  0.154941  0.0169162  -0.238437  0.0119432  0.0257449 -0.0574644)
q: (  0.154941  0.0169162  -0.238437  0.0119432  0.0257449 -0.0574644); parent q: (0 0 0 0 0 0)
q: (0 0 0 0 0 0); parent q: NONE
-------------------------
